0 info it worked if it ends with ok
1 verbose cli [ 'C:\\Program Files\\nodejs\\node.exe',
1 verbose cli   'C:\\Program Files\\nodejs\\node_modules\\npm\\bin\\npm-cli.js',
1 verbose cli   'install',
1 verbose cli   'bootstrap-material-design' ]
2 info using npm@2.14.20
3 info using node@v4.4.1
4 verbose install initial load of D:\xampp\htdocs\iskills\frontend\web\package.json
5 verbose readDependencies loading dependencies from D:\xampp\htdocs\iskills\frontend\web\package.json
6 silly cache add args [ 'bootstrap-material-design', null ]
7 verbose cache add spec bootstrap-material-design
8 silly cache add parsed spec Result {
8 silly cache add   raw: 'bootstrap-material-design',
8 silly cache add   scope: null,
8 silly cache add   name: 'bootstrap-material-design',
8 silly cache add   rawSpec: '',
8 silly cache add   spec: 'latest',
8 silly cache add   type: 'tag' }
9 silly addNamed bootstrap-material-design@latest
10 verbose addNamed "latest" is being treated as a dist-tag for bootstrap-material-design
11 info addNameTag [ 'bootstrap-material-design', 'latest' ]
12 silly mapToRegistry name bootstrap-material-design
13 silly mapToRegistry using default registry
14 silly mapToRegistry registry https://registry.npmjs.org/
15 silly mapToRegistry uri https://registry.npmjs.org/bootstrap-material-design
16 verbose addNameTag registry:https://registry.npmjs.org/bootstrap-material-design not in flight; fetching
17 verbose request uri https://registry.npmjs.org/bootstrap-material-design
18 verbose request no auth needed
19 info attempt registry request try #1 at 10:33:42
20 verbose request id a626f75ac96d1274
21 http request GET https://registry.npmjs.org/bootstrap-material-design
22 http 200 https://registry.npmjs.org/bootstrap-material-design
23 verbose headers { server: 'CouchDB/1.5.0 (Erlang OTP/R16B03)',
23 verbose headers   etag: '"1UGI7TPB4VIS2A5VHO4WVNO6X"',
23 verbose headers   'content-type': 'application/json',
23 verbose headers   'cache-control': 'max-age=300',
23 verbose headers   'content-length': '16072',
23 verbose headers   'accept-ranges': 'bytes',
23 verbose headers   date: 'Sat, 26 Mar 2016 05:33:46 GMT',
23 verbose headers   via: '1.1 varnish',
23 verbose headers   age: '0',
23 verbose headers   connection: 'keep-alive',
23 verbose headers   'x-served-by': 'cache-ams4126-AMS',
23 verbose headers   'x-cache': 'MISS',
23 verbose headers   'x-cache-hits': '0',
23 verbose headers   'x-timer': 'S1458970426.226832,VS0,VE192',
23 verbose headers   vary: 'Accept' }
24 silly get cb [ 200,
24 silly get   { server: 'CouchDB/1.5.0 (Erlang OTP/R16B03)',
24 silly get     etag: '"1UGI7TPB4VIS2A5VHO4WVNO6X"',
24 silly get     'content-type': 'application/json',
24 silly get     'cache-control': 'max-age=300',
24 silly get     'content-length': '16072',
24 silly get     'accept-ranges': 'bytes',
24 silly get     date: 'Sat, 26 Mar 2016 05:33:46 GMT',
24 silly get     via: '1.1 varnish',
24 silly get     age: '0',
24 silly get     connection: 'keep-alive',
24 silly get     'x-served-by': 'cache-ams4126-AMS',
24 silly get     'x-cache': 'MISS',
24 silly get     'x-cache-hits': '0',
24 silly get     'x-timer': 'S1458970426.226832,VS0,VE192',
24 silly get     vary: 'Accept' } ]
25 verbose get saving bootstrap-material-design to C:\Users\bugsb\AppData\Roaming\npm-cache\registry.npmjs.org\bootstrap-material-design\.cache.json
26 verbose correctMkdir C:\Users\bugsb\AppData\Roaming\npm-cache correctMkdir not in flight; initializing
27 verbose makeDirectory C:\Users\bugsb\AppData\Roaming\npm-cache creation not in flight; initializing
28 verbose makeCacheDir UID & GID are irrelevant on win32
29 silly addNameTag next cb for bootstrap-material-design with tag latest
30 silly addNamed bootstrap-material-design@4.0.1
31 verbose addNamed "4.0.1" is a plain semver version for bootstrap-material-design
32 silly mapToRegistry name bootstrap-material-design
33 silly mapToRegistry using default registry
34 silly mapToRegistry registry https://registry.npmjs.org/
35 silly mapToRegistry uri https://registry.npmjs.org/bootstrap-material-design
36 verbose addRemoteTarball https://registry.npmjs.org/bootstrap-material-design/-/bootstrap-material-design-4.0.1.tgz not in flight; adding
37 verbose addRemoteTarball [ 'https://registry.npmjs.org/bootstrap-material-design/-/bootstrap-material-design-4.0.1.tgz',
37 verbose addRemoteTarball   'f903157c54ba9c31e760be30d5d60d412102ee2f' ]
38 info retry fetch attempt 1 at 10:33:44
39 info attempt registry request try #1 at 10:33:44
40 http fetch GET https://registry.npmjs.org/bootstrap-material-design/-/bootstrap-material-design-4.0.1.tgz
41 http fetch 200 https://registry.npmjs.org/bootstrap-material-design/-/bootstrap-material-design-4.0.1.tgz
42 silly fetchAndShaCheck shasum f903157c54ba9c31e760be30d5d60d412102ee2f
43 verbose addTmpTarball C:\Users\bugsb\AppData\Local\Temp\npm-8808-30dc321a\registry.npmjs.org\bootstrap-material-design\-\bootstrap-material-design-4.0.1.tgz not in flight; adding
44 verbose addTmpTarball already have metadata; skipping unpack for bootstrap-material-design@4.0.1
45 verbose correctMkdir C:\Users\bugsb\AppData\Roaming\npm-cache correctMkdir not in flight; initializing
46 silly cache afterAdd bootstrap-material-design@4.0.1
47 verbose afterAdd C:\Users\bugsb\AppData\Roaming\npm-cache\bootstrap-material-design\4.0.1\package\package.json not in flight; writing
48 verbose correctMkdir C:\Users\bugsb\AppData\Roaming\npm-cache correctMkdir not in flight; initializing
49 verbose afterAdd C:\Users\bugsb\AppData\Roaming\npm-cache\bootstrap-material-design\4.0.1\package\package.json written
50 silly install resolved [ { name: 'bootstrap-material-design',
50 silly install resolved     description: 'Material Design for Bootstrap 4',
50 silly install resolved     version: '4.0.1',
50 silly install resolved     keywords:
50 silly install resolved      [ 'material',
50 silly install resolved        'design',
50 silly install resolved        'bootstrap',
50 silly install resolved        'css',
50 silly install resolved        'js',
50 silly install resolved        'sass',
50 silly install resolved        'mobile-first',
50 silly install resolved        'responsive',
50 silly install resolved        'front-end',
50 silly install resolved        'framework',
50 silly install resolved        'web' ],
50 silly install resolved     homepage: 'https://github.com/FezVrasta/bootstrap-material-design',
50 silly install resolved     author: { name: 'Federico Zivolo' },
50 silly install resolved     scripts: { test: 'grunt test' },
50 silly install resolved     style: 'dist/css/bootstrap-material-design.css',
50 silly install resolved     sass: 'scss/_core.scss',
50 silly install resolved     main: 'dist/js/bootstrap-material-design.umd.js',
50 silly install resolved     'jsnext:main': 'dist/bootstrap-material-design.es.js',
50 silly install resolved     repository:
50 silly install resolved      { type: 'git',
50 silly install resolved        url: 'git+https://github.com/FezVrasta/bootstrap-material-design.git' },
50 silly install resolved     bugs: { url: 'https://github.com/FezVrasta/bootstrap-material-design/issues' },
50 silly install resolved     license: 'MIT',
50 silly install resolved     dependencies:
50 silly install resolved      { bootstrap: 'github:twbs/bootstrap#v4-dev',
50 silly install resolved        jquery: '^2.2',
50 silly install resolved        tether: '^1.2.0' },
50 silly install resolved     devDependencies:
50 silly install resolved      { 'babel-eslint': '^5.0.0',
50 silly install resolved        'babel-polyfill': '^6.6',
50 silly install resolved        'babel-preset-es2015': '^6.6.0',
50 silly install resolved        extend: '^3.0.0',
50 silly install resolved        gulp: 'github:gulpjs/gulp#4.0',
50 silly install resolved        'gulp-pipeline': '>=4.0.3',
50 silly install resolved        moment: '^2.11.2' },
50 silly install resolved     'old-grunt-devDependencies':
50 silly install resolved      { autoprefixer: '^6.3.3',
50 silly install resolved        'babel-eslint': '^5.0.0',
50 silly install resolved        'babel-polyfill': '^6.6',
50 silly install resolved        'babel-preset-es2015-rollup': '^1.1.1',
50 silly install resolved        btoa: '~1.1.2',
50 silly install resolved        glob: '~7.0.0',
50 silly install resolved        grunt: '~0.4.5',
50 silly install resolved        'grunt-build-control': '~0.6.3',
50 silly install resolved        'grunt-contrib-clean': '~1.0.0',
50 silly install resolved        'grunt-contrib-compress': '~1.0.0',
50 silly install resolved        'grunt-contrib-connect': '~0.11.2',
50 silly install resolved        'grunt-contrib-copy': '~0.8.2',
50 silly install resolved        'grunt-contrib-cssmin': '~0.14.0',
50 silly install resolved        'grunt-contrib-qunit': '~1.0.1',
50 silly install resolved        'grunt-contrib-uglify': '~0.11.1',
50 silly install resolved        'grunt-contrib-watch': '~0.6.1',
50 silly install resolved        'grunt-eslint': '^18.0.0',
50 silly install resolved        'grunt-exec': '~0.4.6',
50 silly install resolved        'grunt-html': '~6.0.0',
50 silly install resolved        'grunt-jekyll': '~0.4.4',
50 silly install resolved        'grunt-postcss': '^0.7.2',
50 silly install resolved        'grunt-sass': '^1.1.0',
50 silly install resolved        'grunt-saucelabs': '~8.6.2',
50 silly install resolved        'grunt-scss-lint': '^0.3.8',
50 silly install resolved        'grunt-stamp': '^0.1.0',
50 silly install resolved        'is-travis': '^1.0.0',
50 silly install resolved        'load-grunt-tasks': '~3.4.1',
50 silly install resolved        'markdown-it': '^6.0.0',
50 silly install resolved        'mq4-hover-shim': '^0.3.0',
50 silly install resolved        'node-extend': '^0.2.0',
50 silly install resolved        'npm-shrinkwrap': '^200.1.0',
50 silly install resolved        rollup: '^0.25',
50 silly install resolved        'rollup-plugin-babel': '^2.4',
50 silly install resolved        'rollup-plugin-multi-entry': '^1.1',
50 silly install resolved        'time-grunt': '^1.3.0' },
50 silly install resolved     engines: { node: '>=0.10.1' },
50 silly install resolved     files:
50 silly install resolved      [ 'dist',
50 silly install resolved        'grunt/*.js',
50 silly install resolved        'grunt/*.json',
50 silly install resolved        'js/*.js',
50 silly install resolved        'scss/**/*.scss',
50 silly install resolved        'Gruntfile.js',
50 silly install resolved        'LICENSE' ],
50 silly install resolved     gitHead: '75e8c5ef7018744c66e33391ef98cde3ec4baaa5',
50 silly install resolved     _id: 'bootstrap-material-design@4.0.1',
50 silly install resolved     _shasum: 'f903157c54ba9c31e760be30d5d60d412102ee2f',
50 silly install resolved     _from: 'bootstrap-material-design@latest',
50 silly install resolved     _npmVersion: '3.8.0',
50 silly install resolved     _nodeVersion: '5.6.0',
50 silly install resolved     _npmUser: { name: 'rosskevin', email: 'kevin.ross@alienfast.com' },
50 silly install resolved     dist:
50 silly install resolved      { shasum: 'f903157c54ba9c31e760be30d5d60d412102ee2f',
50 silly install resolved        tarball: 'http://registry.npmjs.org/bootstrap-material-design/-/bootstrap-material-design-4.0.1.tgz' },
50 silly install resolved     maintainers: [ [Object], [Object] ],
50 silly install resolved     _npmOperationalInternal:
50 silly install resolved      { host: 'packages-12-west.internal.npmjs.com',
50 silly install resolved        tmp: 'tmp/bootstrap-material-design-4.0.1.tgz_1458328736011_0.05027381144464016' },
50 silly install resolved     directories: {},
50 silly install resolved     _resolved: 'https://registry.npmjs.org/bootstrap-material-design/-/bootstrap-material-design-4.0.1.tgz' } ]
51 info install bootstrap-material-design@4.0.1 into D:\xampp\htdocs\iskills\frontend\web
52 info installOne bootstrap-material-design@4.0.1
53 verbose installOne of bootstrap-material-design to D:\xampp\htdocs\iskills\frontend\web not in flight; installing
54 verbose correctMkdir C:\Users\bugsb\AppData\Roaming\npm-cache\_locks correctMkdir not in flight; initializing
55 verbose makeDirectory C:\Users\bugsb\AppData\Roaming\npm-cache\_locks creation not in flight; initializing
56 verbose makeCacheDir UID & GID are irrelevant on win32
57 verbose lock using C:\Users\bugsb\AppData\Roaming\npm-cache\_locks\bootstrap-material-desig-940c95e47fd57079.lock for D:\xampp\htdocs\iskills\frontend\web\node_modules\bootstrap-material-design
58 silly install write writing bootstrap-material-design 4.0.1 to D:\xampp\htdocs\iskills\frontend\web\node_modules\bootstrap-material-design
59 verbose unbuild node_modules\bootstrap-material-design
60 silly gentlyRm D:\xampp\htdocs\iskills\frontend\web\node_modules\bootstrap-material-design is being purged from base D:\xampp\htdocs\iskills\frontend\web
61 verbose gentlyRm don't care about contents; nuking D:\xampp\htdocs\iskills\frontend\web\node_modules\bootstrap-material-design
62 verbose tar unpack C:\Users\bugsb\AppData\Roaming\npm-cache\bootstrap-material-design\4.0.1\package.tgz
63 verbose tar unpacking to D:\xampp\htdocs\iskills\frontend\web\node_modules\bootstrap-material-design
64 silly gentlyRm D:\xampp\htdocs\iskills\frontend\web\node_modules\bootstrap-material-design is being purged
65 verbose gentlyRm don't care about contents; nuking D:\xampp\htdocs\iskills\frontend\web\node_modules\bootstrap-material-design
66 silly gunzTarPerm modes [ '777', '666' ]
67 silly gunzTarPerm extractEntry package.json
68 silly gunzTarPerm modified mode [ 'package.json', 420, 438 ]
69 silly gunzTarPerm extractEntry README.md
70 silly gunzTarPerm modified mode [ 'README.md', 420, 438 ]
71 silly gunzTarPerm extractEntry LICENSE.md
72 silly gunzTarPerm modified mode [ 'LICENSE.md', 420, 438 ]
73 silly gunzTarPerm extractEntry dist/bootstrap-material-design.es.js
74 silly gunzTarPerm modified mode [ 'dist/bootstrap-material-design.es.js', 420, 438 ]
75 silly gunzTarPerm extractEntry dist/bootstrap-material-design.iife.js
76 silly gunzTarPerm modified mode [ 'dist/bootstrap-material-design.iife.js', 420, 438 ]
77 silly gunzTarPerm extractEntry dist/bootstrap-material-design.iife.min.js
78 silly gunzTarPerm modified mode [ 'dist/bootstrap-material-design.iife.min.js', 420, 438 ]
79 silly gunzTarPerm extractEntry dist/bootstrap-material-design.umd.js
80 silly gunzTarPerm modified mode [ 'dist/bootstrap-material-design.umd.js', 420, 438 ]
81 silly gunzTarPerm extractEntry dist/bootstrap-material-design.css
82 silly gunzTarPerm modified mode [ 'dist/bootstrap-material-design.css', 420, 438 ]
83 silly gunzTarPerm extractEntry dist/bootstrap-material-design.es.js.map
84 silly gunzTarPerm modified mode [ 'dist/bootstrap-material-design.es.js.map', 420, 438 ]
85 silly gunzTarPerm extractEntry dist/bootstrap-material-design.iife.js.map
86 silly gunzTarPerm modified mode [ 'dist/bootstrap-material-design.iife.js.map', 420, 438 ]
87 silly gunzTarPerm extractEntry dist/bootstrap-material-design.min.css
88 silly gunzTarPerm modified mode [ 'dist/bootstrap-material-design.min.css', 420, 438 ]
89 silly gunzTarPerm extractEntry dist/bootstrap-material-design.umd.js.map
90 silly gunzTarPerm modified mode [ 'dist/bootstrap-material-design.umd.js.map', 420, 438 ]
91 silly gunzTarPerm extractEntry scss/_navbar.scss
92 silly gunzTarPerm modified mode [ 'scss/_navbar.scss', 420, 438 ]
93 silly gunzTarPerm extractEntry scss/_alerts.scss
94 silly gunzTarPerm modified mode [ 'scss/_alerts.scss', 420, 438 ]
95 silly gunzTarPerm extractEntry scss/_cards.scss
96 silly gunzTarPerm modified mode [ 'scss/_cards.scss', 420, 438 ]
97 silly gunzTarPerm extractEntry scss/_checkboxes.scss
98 silly gunzTarPerm modified mode [ 'scss/_checkboxes.scss', 420, 438 ]
99 silly gunzTarPerm extractEntry scss/_core-bootstrap.scss
100 silly gunzTarPerm modified mode [ 'scss/_core-bootstrap.scss', 420, 438 ]
101 silly gunzTarPerm extractEntry scss/_core.scss
102 silly gunzTarPerm modified mode [ 'scss/_core.scss', 420, 438 ]
103 silly gunzTarPerm extractEntry scss/_drawer.scss
104 silly gunzTarPerm modified mode [ 'scss/_drawer.scss', 420, 438 ]
105 silly gunzTarPerm extractEntry scss/_dropdown.scss
106 silly gunzTarPerm modified mode [ 'scss/_dropdown.scss', 420, 438 ]
107 silly gunzTarPerm extractEntry scss/_forms.scss
108 silly gunzTarPerm modified mode [ 'scss/_forms.scss', 420, 438 ]
109 silly gunzTarPerm extractEntry scss/_input-group.scss
110 silly gunzTarPerm modified mode [ 'scss/_input-group.scss', 420, 438 ]
111 silly gunzTarPerm extractEntry scss/_layout.scss
112 silly gunzTarPerm modified mode [ 'scss/_layout.scss', 420, 438 ]
113 silly gunzTarPerm extractEntry scss/_list-group.scss
114 silly gunzTarPerm modified mode [ 'scss/_list-group.scss', 420, 438 ]
115 silly gunzTarPerm extractEntry scss/_mixins.scss
116 silly gunzTarPerm modified mode [ 'scss/_mixins.scss', 420, 438 ]
117 silly gunzTarPerm extractEntry scss/_modal.scss
118 silly gunzTarPerm modified mode [ 'scss/_modal.scss', 420, 438 ]
119 silly gunzTarPerm extractEntry scss/_nav.scss
120 silly gunzTarPerm modified mode [ 'scss/_nav.scss', 420, 438 ]
121 silly gunzTarPerm extractEntry scss/_buttons.scss
122 silly gunzTarPerm modified mode [ 'scss/_buttons.scss', 420, 438 ]
123 silly gunzTarPerm extractEntry scss/_plugins.scss
124 silly gunzTarPerm modified mode [ 'scss/_plugins.scss', 420, 438 ]
125 silly gunzTarPerm extractEntry scss/_popover.scss
126 silly gunzTarPerm modified mode [ 'scss/_popover.scss', 420, 438 ]
127 silly gunzTarPerm extractEntry scss/_progress.scss
128 silly gunzTarPerm modified mode [ 'scss/_progress.scss', 420, 438 ]
129 silly gunzTarPerm extractEntry scss/_radios.scss
130 silly gunzTarPerm modified mode [ 'scss/_radios.scss', 420, 438 ]
131 silly gunzTarPerm extractEntry scss/_reboot.scss
132 silly gunzTarPerm modified mode [ 'scss/_reboot.scss', 420, 438 ]
133 silly gunzTarPerm extractEntry scss/_ripples.scss
134 silly gunzTarPerm modified mode [ 'scss/_ripples.scss', 420, 438 ]
135 silly gunzTarPerm extractEntry scss/_switches.scss
136 silly gunzTarPerm modified mode [ 'scss/_switches.scss', 420, 438 ]
137 silly gunzTarPerm extractEntry scss/_themes.scss
138 silly gunzTarPerm modified mode [ 'scss/_themes.scss', 420, 438 ]
139 silly gunzTarPerm extractEntry scss/_type.scss
140 silly gunzTarPerm modified mode [ 'scss/_type.scss', 420, 438 ]
141 silly gunzTarPerm extractEntry scss/_variables.scss
142 silly gunzTarPerm modified mode [ 'scss/_variables.scss', 420, 438 ]
143 silly gunzTarPerm extractEntry scss/bootstrap-material-design.scss
144 silly gunzTarPerm modified mode [ 'scss/bootstrap-material-design.scss', 420, 438 ]
145 silly gunzTarPerm extractEntry scss/mixins/_hover.scss
146 silly gunzTarPerm modified mode [ 'scss/mixins/_hover.scss', 420, 438 ]
147 silly gunzTarPerm extractEntry scss/mixins/_animations.scss
148 silly gunzTarPerm modified mode [ 'scss/mixins/_animations.scss', 420, 438 ]
149 silly gunzTarPerm extractEntry scss/mixins/_buttons.scss
150 silly gunzTarPerm modified mode [ 'scss/mixins/_buttons.scss', 420, 438 ]
151 silly gunzTarPerm extractEntry scss/mixins/_drawer.scss
152 silly gunzTarPerm modified mode [ 'scss/mixins/_drawer.scss', 420, 438 ]
153 silly gunzTarPerm extractEntry scss/mixins/_forms.scss
154 silly gunzTarPerm modified mode [ 'scss/mixins/_forms.scss', 420, 438 ]
155 silly gunzTarPerm extractEntry scss/mixins/_breakpoints.scss
156 silly gunzTarPerm modified mode [ 'scss/mixins/_breakpoints.scss', 420, 438 ]
157 silly gunzTarPerm extractEntry scss/mixins/_layout.scss
158 silly gunzTarPerm modified mode [ 'scss/mixins/_layout.scss', 420, 438 ]
159 silly gunzTarPerm extractEntry scss/mixins/_navs.scss
160 silly gunzTarPerm modified mode [ 'scss/mixins/_navs.scss', 420, 438 ]
161 silly gunzTarPerm extractEntry scss/mixins/_type.scss
162 silly gunzTarPerm modified mode [ 'scss/mixins/_type.scss', 420, 438 ]
163 silly gunzTarPerm extractEntry scss/mixins/_utilities.scss
164 silly gunzTarPerm modified mode [ 'scss/mixins/_utilities.scss', 420, 438 ]
165 silly gunzTarPerm extractEntry scss/mixins/_variations.scss
166 silly gunzTarPerm modified mode [ 'scss/mixins/_variations.scss', 420, 438 ]
167 silly gunzTarPerm extractEntry scss/plugins/_plugin-nouislider.scss
168 silly gunzTarPerm modified mode [ 'scss/plugins/_plugin-nouislider.scss', 420, 438 ]
169 silly gunzTarPerm extractEntry scss/plugins/_plugin-selectize.scss
170 silly gunzTarPerm modified mode [ 'scss/plugins/_plugin-selectize.scss', 420, 438 ]
171 silly gunzTarPerm extractEntry scss/plugins/_plugin-snackbarjs.scss
172 silly gunzTarPerm modified mode [ 'scss/plugins/_plugin-snackbarjs.scss', 420, 438 ]
173 silly gunzTarPerm extractEntry scss/variables/_colors-map.scss
174 silly gunzTarPerm modified mode [ 'scss/variables/_colors-map.scss', 420, 438 ]
175 silly gunzTarPerm extractEntry scss/variables/_colors.scss
176 silly gunzTarPerm modified mode [ 'scss/variables/_colors.scss', 420, 438 ]
177 silly gunzTarPerm extractEntry scss/variables/_drawer.scss
178 silly gunzTarPerm modified mode [ 'scss/variables/_drawer.scss', 420, 438 ]
179 silly gunzTarPerm extractEntry scss/variables/_layout.scss
180 silly gunzTarPerm modified mode [ 'scss/variables/_layout.scss', 420, 438 ]
181 silly gunzTarPerm extractEntry scss/variables/_menu.scss
182 silly gunzTarPerm modified mode [ 'scss/variables/_menu.scss', 420, 438 ]
183 silly gunzTarPerm extractEntry scss/variables/_shadow.scss
184 silly gunzTarPerm modified mode [ 'scss/variables/_shadow.scss', 420, 438 ]
185 silly gunzTarPerm extractEntry scss/variables/bootstrap/_forms.scss
186 silly gunzTarPerm modified mode [ 'scss/variables/bootstrap/_forms.scss', 420, 438 ]
187 silly gunzTarPerm extractEntry scss/variables/bootstrap/_body.scss
188 silly gunzTarPerm modified mode [ 'scss/variables/bootstrap/_body.scss', 420, 438 ]
189 silly gunzTarPerm extractEntry scss/variables/bootstrap/_buttons.scss
190 silly gunzTarPerm modified mode [ 'scss/variables/bootstrap/_buttons.scss', 420, 438 ]
191 silly gunzTarPerm extractEntry scss/variables/bootstrap/_card.scss
192 silly gunzTarPerm modified mode [ 'scss/variables/bootstrap/_card.scss', 420, 438 ]
193 silly gunzTarPerm extractEntry scss/variables/bootstrap/_code.scss
194 silly gunzTarPerm modified mode [ 'scss/variables/bootstrap/_code.scss', 420, 438 ]
195 silly gunzTarPerm extractEntry scss/variables/bootstrap/_components.scss
196 silly gunzTarPerm modified mode [ 'scss/variables/bootstrap/_components.scss', 420, 438 ]
197 silly gunzTarPerm extractEntry scss/variables/bootstrap/_dropdown.scss
198 silly gunzTarPerm modified mode [ 'scss/variables/bootstrap/_dropdown.scss', 420, 438 ]
199 silly gunzTarPerm extractEntry scss/variables/bootstrap/_brand.scss
200 silly gunzTarPerm modified mode [ 'scss/variables/bootstrap/_brand.scss', 420, 438 ]
201 silly gunzTarPerm extractEntry scss/variables/bootstrap/_list-group.scss
202 silly gunzTarPerm modified mode [ 'scss/variables/bootstrap/_list-group.scss', 420, 438 ]
203 silly gunzTarPerm extractEntry scss/variables/bootstrap/_modals.scss
204 silly gunzTarPerm modified mode [ 'scss/variables/bootstrap/_modals.scss', 420, 438 ]
205 silly gunzTarPerm extractEntry scss/variables/bootstrap/_nav.scss
206 silly gunzTarPerm modified mode [ 'scss/variables/bootstrap/_nav.scss', 420, 438 ]
207 silly gunzTarPerm extractEntry scss/variables/bootstrap/_spacing.scss
208 silly gunzTarPerm modified mode [ 'scss/variables/bootstrap/_spacing.scss', 420, 438 ]
209 silly gunzTarPerm extractEntry scss/variables/bootstrap/_state.scss
210 silly gunzTarPerm modified mode [ 'scss/variables/bootstrap/_state.scss', 420, 438 ]
211 silly gunzTarPerm extractEntry scss/variables/bootstrap/_type.scss
212 silly gunzTarPerm modified mode [ 'scss/variables/bootstrap/_type.scss', 420, 438 ]
213 verbose write writing to D:\xampp\htdocs\iskills\frontend\web\node_modules\bootstrap-material-design\package.json
214 info preinstall bootstrap-material-design@4.0.1
215 verbose readDependencies loading dependencies from D:\xampp\htdocs\iskills\frontend\web\node_modules\bootstrap-material-design\package.json
216 silly prepareForInstallMany adding bootstrap@github:twbs/bootstrap#v4-dev from bootstrap-material-design dependencies
217 silly prepareForInstallMany adding jquery@^2.2 from bootstrap-material-design dependencies
218 silly prepareForInstallMany adding tether@^1.2.0 from bootstrap-material-design dependencies
219 verbose readDependencies loading dependencies from D:\xampp\htdocs\iskills\frontend\web\node_modules\bootstrap-material-design\package.json
220 silly cache add args [ 'bootstrap@github:twbs/bootstrap#v4-dev', null ]
221 verbose cache add spec bootstrap@github:twbs/bootstrap#v4-dev
222 silly cache add args [ 'jquery@^2.2', null ]
223 verbose cache add spec jquery@^2.2
224 silly cache add parsed spec Result {
224 silly cache add   raw: 'jquery@^2.2',
224 silly cache add   scope: null,
224 silly cache add   name: 'jquery',
224 silly cache add   rawSpec: '^2.2',
224 silly cache add   spec: '>=2.2.0 <3.0.0',
224 silly cache add   type: 'range' }
225 silly addNamed jquery@>=2.2.0 <3.0.0
226 verbose addNamed ">=2.2.0 <3.0.0" is a valid semver range for jquery
227 silly addNameRange { name: 'jquery', range: '>=2.2.0 <3.0.0', hasData: false }
228 silly mapToRegistry name jquery
229 silly mapToRegistry using default registry
230 silly mapToRegistry registry https://registry.npmjs.org/
231 silly mapToRegistry uri https://registry.npmjs.org/jquery
232 verbose addNameRange registry:https://registry.npmjs.org/jquery not in flight; fetching
233 silly cache add args [ 'tether@^1.2.0', null ]
234 verbose cache add spec tether@^1.2.0
235 silly cache add parsed spec Result {
235 silly cache add   raw: 'tether@^1.2.0',
235 silly cache add   scope: null,
235 silly cache add   name: 'tether',
235 silly cache add   rawSpec: '^1.2.0',
235 silly cache add   spec: '>=1.2.0 <2.0.0',
235 silly cache add   type: 'range' }
236 silly addNamed tether@>=1.2.0 <2.0.0
237 verbose addNamed ">=1.2.0 <2.0.0" is a valid semver range for tether
238 silly addNameRange { name: 'tether', range: '>=1.2.0 <2.0.0', hasData: false }
239 silly mapToRegistry name tether
240 silly mapToRegistry using default registry
241 silly mapToRegistry registry https://registry.npmjs.org/
242 silly mapToRegistry uri https://registry.npmjs.org/tether
243 verbose addNameRange registry:https://registry.npmjs.org/tether not in flight; fetching
244 silly cache add parsed spec Result {
244 silly cache add   raw: 'bootstrap@github:twbs/bootstrap#v4-dev',
244 silly cache add   scope: null,
244 silly cache add   name: 'bootstrap',
244 silly cache add   rawSpec: 'github:twbs/bootstrap#v4-dev',
244 silly cache add   spec: 'github:twbs/bootstrap#v4-dev',
244 silly cache add   type: 'hosted',
244 silly cache add   hosted:
244 silly cache add    { type: 'github',
244 silly cache add      ssh: 'git@github.com:twbs/bootstrap.git#v4-dev',
244 silly cache add      sshUrl: 'git+ssh://git@github.com/twbs/bootstrap.git#v4-dev',
244 silly cache add      httpsUrl: 'git+https://github.com/twbs/bootstrap.git#v4-dev',
244 silly cache add      gitUrl: 'git://github.com/twbs/bootstrap.git#v4-dev',
244 silly cache add      shortcut: 'github:twbs/bootstrap#v4-dev',
244 silly cache add      directUrl: 'https://raw.githubusercontent.com/twbs/bootstrap/v4-dev/package.json' } }
245 verbose addRemoteGit caching github:twbs/bootstrap#v4-dev
246 verbose addRemoteGit twbs/bootstrap#v4-dev is a repository hosted by github
247 silly tryGitProto attempting to clone git://github.com/twbs/bootstrap.git#v4-dev
248 silly tryClone cloning twbs/bootstrap#v4-dev via git://github.com/twbs/bootstrap.git#v4-dev
249 verbose tryClone git-github-com-twbs-bootstrap-git-cd705089 not in flight; caching
250 verbose correctMkdir C:\Users\bugsb\AppData\Roaming\npm-cache\_git-remotes correctMkdir not in flight; initializing
251 verbose request uri https://registry.npmjs.org/jquery
252 verbose request no auth needed
253 info attempt registry request try #1 at 10:33:46
254 http request GET https://registry.npmjs.org/jquery
255 verbose request uri https://registry.npmjs.org/tether
256 verbose request no auth needed
257 info attempt registry request try #1 at 10:33:46
258 http request GET https://registry.npmjs.org/tether
259 verbose makeDirectory C:\Users\bugsb\AppData\Roaming\npm-cache\_git-remotes creation not in flight; initializing
260 verbose makeCacheDir UID & GID are irrelevant on win32
261 verbose git clone --template=C:\Users\bugsb\AppData\Roaming\npm-cache\_git-remotes\_templates --mirror git://github.com/twbs/bootstrap.git C:\Users\bugsb\AppData\Roaming\npm-cache\_git-remotes\git-github-com-twbs-bootstrap-git-cd705089: undefined
261 verbose git clone --template=C:\Users\bugsb\AppData\Roaming\npm-cache\_git-remotes\_templates --mirror git://github.com/twbs/bootstrap.git C:\Users\bugsb\AppData\Roaming\npm-cache\_git-remotes\git-github-com-twbs-bootstrap-git-cd705089: undefined
262 silly tryHTTPS attempting to clone git+https://github.com/twbs/bootstrap.git#v4-dev
263 silly tryClone cloning twbs/bootstrap#v4-dev via git+https://github.com/twbs/bootstrap.git#v4-dev
264 verbose tryClone https-github-com-twbs-bootstrap-git-fc21b924 not in flight; caching
265 verbose correctMkdir C:\Users\bugsb\AppData\Roaming\npm-cache\_git-remotes correctMkdir not in flight; initializing
266 verbose git clone --template=C:\Users\bugsb\AppData\Roaming\npm-cache\_git-remotes\_templates --mirror https://github.com/twbs/bootstrap.git C:\Users\bugsb\AppData\Roaming\npm-cache\_git-remotes\https-github-com-twbs-bootstrap-git-fc21b924: undefined
266 verbose git clone --template=C:\Users\bugsb\AppData\Roaming\npm-cache\_git-remotes\_templates --mirror https://github.com/twbs/bootstrap.git C:\Users\bugsb\AppData\Roaming\npm-cache\_git-remotes\https-github-com-twbs-bootstrap-git-fc21b924: undefined
267 silly trySSH attempting to clone git@github.com:twbs/bootstrap.git#v4-dev
268 silly tryClone cloning twbs/bootstrap#v4-dev via git@github.com:twbs/bootstrap.git#v4-dev
269 verbose tryClone git-github-com-twbs-bootstrap-git-6df88537 not in flight; caching
270 verbose correctMkdir C:\Users\bugsb\AppData\Roaming\npm-cache\_git-remotes correctMkdir not in flight; initializing
271 error git clone --template=C:\Users\bugsb\AppData\Roaming\npm-cache\_git-remotes\_templates --mirror git@github.com:twbs/bootstrap.git C:\Users\bugsb\AppData\Roaming\npm-cache\_git-remotes\git-github-com-twbs-bootstrap-git-6df88537: undefined
271 error git clone --template=C:\Users\bugsb\AppData\Roaming\npm-cache\_git-remotes\_templates --mirror git@github.com:twbs/bootstrap.git C:\Users\bugsb\AppData\Roaming\npm-cache\_git-remotes\git-github-com-twbs-bootstrap-git-6df88537: undefined
272 http 200 https://registry.npmjs.org/tether
273 verbose headers { server: 'CouchDB/1.5.0 (Erlang OTP/R16B03)',
273 verbose headers   etag: '"APEA6NQ0QX5QN83TM1ZYWVJLK"',
273 verbose headers   'content-type': 'application/json',
273 verbose headers   'cache-control': 'max-age=300',
273 verbose headers   'content-length': '19361',
273 verbose headers   'accept-ranges': 'bytes',
273 verbose headers   date: 'Sat, 26 Mar 2016 05:33:48 GMT',
273 verbose headers   via: '1.1 varnish',
273 verbose headers   age: '127',
273 verbose headers   connection: 'keep-alive',
273 verbose headers   'x-served-by': 'cache-ams4144-AMS',
273 verbose headers   'x-cache': 'HIT',
273 verbose headers   'x-cache-hits': '1',
273 verbose headers   'x-timer': 'S1458970428.910242,VS0,VE0',
273 verbose headers   vary: 'Accept' }
274 silly get cb [ 200,
274 silly get   { server: 'CouchDB/1.5.0 (Erlang OTP/R16B03)',
274 silly get     etag: '"APEA6NQ0QX5QN83TM1ZYWVJLK"',
274 silly get     'content-type': 'application/json',
274 silly get     'cache-control': 'max-age=300',
274 silly get     'content-length': '19361',
274 silly get     'accept-ranges': 'bytes',
274 silly get     date: 'Sat, 26 Mar 2016 05:33:48 GMT',
274 silly get     via: '1.1 varnish',
274 silly get     age: '127',
274 silly get     connection: 'keep-alive',
274 silly get     'x-served-by': 'cache-ams4144-AMS',
274 silly get     'x-cache': 'HIT',
274 silly get     'x-cache-hits': '1',
274 silly get     'x-timer': 'S1458970428.910242,VS0,VE0',
274 silly get     vary: 'Accept' } ]
275 verbose get saving tether to C:\Users\bugsb\AppData\Roaming\npm-cache\registry.npmjs.org\tether\.cache.json
276 verbose correctMkdir C:\Users\bugsb\AppData\Roaming\npm-cache correctMkdir not in flight; initializing
277 silly addNameRange number 2 { name: 'tether', range: '>=1.2.0 <2.0.0', hasData: true }
278 silly addNameRange versions [ 'tether',
278 silly addNameRange   [ '0.5.2',
278 silly addNameRange     '0.6.5',
278 silly addNameRange     '0.7.1',
278 silly addNameRange     '0.7.2',
278 silly addNameRange     '1.0.0',
278 silly addNameRange     '1.0.1',
278 silly addNameRange     '1.0.2',
278 silly addNameRange     '1.0.3',
278 silly addNameRange     '1.1.0',
278 silly addNameRange     '1.1.1',
278 silly addNameRange     '1.2.0' ] ]
279 silly addNamed tether@1.2.0
280 verbose addNamed "1.2.0" is a plain semver version for tether
281 silly mapToRegistry name tether
282 silly mapToRegistry using default registry
283 silly mapToRegistry registry https://registry.npmjs.org/
284 silly mapToRegistry uri https://registry.npmjs.org/tether
285 verbose addRemoteTarball https://registry.npmjs.org/tether/-/tether-1.2.0.tgz not in flight; adding
286 verbose addRemoteTarball [ 'https://registry.npmjs.org/tether/-/tether-1.2.0.tgz',
286 verbose addRemoteTarball   'f49d20d08451949f6c0d25b824d185542a0ce27a' ]
287 info retry fetch attempt 1 at 10:33:46
288 info attempt registry request try #1 at 10:33:46
289 http fetch GET https://registry.npmjs.org/tether/-/tether-1.2.0.tgz
290 http 200 https://registry.npmjs.org/jquery
291 verbose headers { server: 'CouchDB/1.5.0 (Erlang OTP/R16B03)',
291 verbose headers   etag: '"D9SNRR8FZ525IYNFO952NFNGK"',
291 verbose headers   'content-type': 'application/json',
291 verbose headers   'cache-control': 'max-age=300',
291 verbose headers   'content-length': '63590',
291 verbose headers   'accept-ranges': 'bytes',
291 verbose headers   date: 'Sat, 26 Mar 2016 05:33:48 GMT',
291 verbose headers   via: '1.1 varnish',
291 verbose headers   age: '0',
291 verbose headers   connection: 'keep-alive',
291 verbose headers   'x-served-by': 'cache-ams4129-AMS',
291 verbose headers   'x-cache': 'HIT',
291 verbose headers   'x-cache-hits': '1',
291 verbose headers   'x-timer': 'S1458970428.893095,VS0,VE90',
291 verbose headers   vary: 'Accept' }
292 silly get cb [ 200,
292 silly get   { server: 'CouchDB/1.5.0 (Erlang OTP/R16B03)',
292 silly get     etag: '"D9SNRR8FZ525IYNFO952NFNGK"',
292 silly get     'content-type': 'application/json',
292 silly get     'cache-control': 'max-age=300',
292 silly get     'content-length': '63590',
292 silly get     'accept-ranges': 'bytes',
292 silly get     date: 'Sat, 26 Mar 2016 05:33:48 GMT',
292 silly get     via: '1.1 varnish',
292 silly get     age: '0',
292 silly get     connection: 'keep-alive',
292 silly get     'x-served-by': 'cache-ams4129-AMS',
292 silly get     'x-cache': 'HIT',
292 silly get     'x-cache-hits': '1',
292 silly get     'x-timer': 'S1458970428.893095,VS0,VE90',
292 silly get     vary: 'Accept' } ]
293 verbose get saving jquery to C:\Users\bugsb\AppData\Roaming\npm-cache\registry.npmjs.org\jquery\.cache.json
294 verbose correctMkdir C:\Users\bugsb\AppData\Roaming\npm-cache correctMkdir not in flight; initializing
295 silly addNameRange number 2 { name: 'jquery', range: '>=2.2.0 <3.0.0', hasData: true }
296 silly addNameRange versions [ 'jquery',
296 silly addNameRange   [ '1.5.1',
296 silly addNameRange     '1.6.2',
296 silly addNameRange     '1.6.3',
296 silly addNameRange     '1.7.2',
296 silly addNameRange     '1.7.3',
296 silly addNameRange     '1.8.2',
296 silly addNameRange     '1.8.3',
296 silly addNameRange     '2.1.0-beta2',
296 silly addNameRange     '2.1.0-beta3',
296 silly addNameRange     '1.11.0-beta3',
296 silly addNameRange     '1.11.0-rc1',
296 silly addNameRange     '2.1.0-rc1',
296 silly addNameRange     '1.11.0',
296 silly addNameRange     '2.1.0',
296 silly addNameRange     '2.1.1-beta1',
296 silly addNameRange     '1.11.1-beta1',
296 silly addNameRange     '2.1.1-rc1',
296 silly addNameRange     '1.11.1-rc1',
296 silly addNameRange     '2.1.1-rc2',
296 silly addNameRange     '1.11.1-rc2',
296 silly addNameRange     '2.1.1',
296 silly addNameRange     '1.11.1',
296 silly addNameRange     '1.9.1',
296 silly addNameRange     '2.1.2',
296 silly addNameRange     '1.11.2',
296 silly addNameRange     '2.1.3',
296 silly addNameRange     '2.1.4',
296 silly addNameRange     '1.11.3',
296 silly addNameRange     '3.0.0-alpha1',
296 silly addNameRange     '1.12.0',
296 silly addNameRange     '2.2.0',
296 silly addNameRange     '3.0.0-beta1',
296 silly addNameRange     '1.12.1',
296 silly addNameRange     '2.2.1',
296 silly addNameRange     '1.12.2',
296 silly addNameRange     '2.2.2' ] ]
297 silly addNamed jquery@2.2.2
298 verbose addNamed "2.2.2" is a plain semver version for jquery
299 silly mapToRegistry name jquery
300 silly mapToRegistry using default registry
301 silly mapToRegistry registry https://registry.npmjs.org/
302 silly mapToRegistry uri https://registry.npmjs.org/jquery
303 verbose addRemoteTarball https://registry.npmjs.org/jquery/-/jquery-2.2.2.tgz not in flight; adding
304 verbose addRemoteTarball [ 'https://registry.npmjs.org/jquery/-/jquery-2.2.2.tgz',
304 verbose addRemoteTarball   '3e302dc61eb329a21e9efac937d731f061134c59' ]
305 info retry fetch attempt 1 at 10:33:46
306 info attempt registry request try #1 at 10:33:46
307 http fetch GET https://registry.npmjs.org/jquery/-/jquery-2.2.2.tgz
308 http fetch 200 https://registry.npmjs.org/tether/-/tether-1.2.0.tgz
309 http fetch 200 https://registry.npmjs.org/jquery/-/jquery-2.2.2.tgz
310 silly fetchAndShaCheck shasum f49d20d08451949f6c0d25b824d185542a0ce27a
311 verbose addTmpTarball C:\Users\bugsb\AppData\Local\Temp\npm-8808-30dc321a\registry.npmjs.org\tether\-\tether-1.2.0.tgz not in flight; adding
312 verbose addTmpTarball already have metadata; skipping unpack for tether@1.2.0
313 verbose correctMkdir C:\Users\bugsb\AppData\Roaming\npm-cache correctMkdir not in flight; initializing
314 silly cache afterAdd tether@1.2.0
315 verbose afterAdd C:\Users\bugsb\AppData\Roaming\npm-cache\tether\1.2.0\package\package.json not in flight; writing
316 verbose correctMkdir C:\Users\bugsb\AppData\Roaming\npm-cache correctMkdir not in flight; initializing
317 verbose afterAdd C:\Users\bugsb\AppData\Roaming\npm-cache\tether\1.2.0\package\package.json written
318 silly fetchAndShaCheck shasum 3e302dc61eb329a21e9efac937d731f061134c59
319 verbose addTmpTarball C:\Users\bugsb\AppData\Local\Temp\npm-8808-30dc321a\registry.npmjs.org\jquery\-\jquery-2.2.2.tgz not in flight; adding
320 verbose addTmpTarball already have metadata; skipping unpack for jquery@2.2.2
321 verbose correctMkdir C:\Users\bugsb\AppData\Roaming\npm-cache correctMkdir not in flight; initializing
322 silly cache afterAdd jquery@2.2.2
323 verbose afterAdd C:\Users\bugsb\AppData\Roaming\npm-cache\jquery\2.2.2\package\package.json not in flight; writing
324 verbose correctMkdir C:\Users\bugsb\AppData\Roaming\npm-cache correctMkdir not in flight; initializing
325 verbose afterAdd C:\Users\bugsb\AppData\Roaming\npm-cache\jquery\2.2.2\package\package.json written
326 verbose about to build D:\xampp\htdocs\iskills\frontend\web\node_modules\bootstrap-material-design
327 verbose unlock done using C:\Users\bugsb\AppData\Roaming\npm-cache\_locks\bootstrap-material-desig-940c95e47fd57079.lock for D:\xampp\htdocs\iskills\frontend\web\node_modules\bootstrap-material-design
328 verbose stack Error: not found: git
328 verbose stack     at F (C:\Program Files\nodejs\node_modules\npm\node_modules\which\which.js:63:19)
328 verbose stack     at E (C:\Program Files\nodejs\node_modules\npm\node_modules\which\which.js:72:29)
328 verbose stack     at C:\Program Files\nodejs\node_modules\npm\node_modules\which\which.js:81:16
328 verbose stack     at C:\Program Files\nodejs\node_modules\npm\node_modules\which\node_modules\isexe\index.js:44:5
328 verbose stack     at C:\Program Files\nodejs\node_modules\npm\node_modules\which\node_modules\isexe\windows.js:29:5
328 verbose stack     at FSReqWrap.oncomplete (fs.js:82:15)
329 verbose cwd D:\xampp\htdocs\iskills\frontend\web
330 error Windows_NT 10.0.10586
331 error argv "C:\\Program Files\\nodejs\\node.exe" "C:\\Program Files\\nodejs\\node_modules\\npm\\bin\\npm-cli.js" "install" "bootstrap-material-design"
332 error node v4.4.1
333 error npm  v2.14.20
334 error code ENOGIT
335 error not found: git
336 error Failed using git.
336 error This is most likely not a problem with npm itself.
336 error Please check if you have git installed and in your PATH.
337 verbose exit [ 1, true ]
338 verbose unbuild node_modules\bootstrap-material-design
339 info preuninstall bootstrap-material-design@4.0.1
340 info uninstall bootstrap-material-design@4.0.1
341 verbose unbuild rmStuff bootstrap-material-design@4.0.1 from D:\xampp\htdocs\iskills\frontend\web\node_modules
342 info postuninstall bootstrap-material-design@4.0.1
343 silly gentlyRm D:\xampp\htdocs\iskills\frontend\web\node_modules\bootstrap-material-design is being purged from base D:\xampp\htdocs\iskills\frontend\web
344 verbose gentlyRm don't care about contents; nuking D:\xampp\htdocs\iskills\frontend\web\node_modules\bootstrap-material-design
345 silly vacuum-fs purging D:\xampp\htdocs\iskills\frontend\web\node_modules\bootstrap-material-design
346 silly vacuum-fs removing D:\xampp\htdocs\iskills\frontend\web\node_modules
347 silly vacuum-fs finished vacuuming up to D:\xampp\htdocs\iskills\frontend\web
